[ 2015-10-19T09:31:48+08:00 ] ::1 /tp/main_system/Home/View/Index/js/jquery.1.8.2.js
INFO: [ app_init ] --START--
INFO: Run Behavior\BuildLiteBehavior [ RunTime:0.000000s ]
INFO: [ app_init ] --END-- [ RunTime:0.000000s ]
ERR: 无法加载模块:Main_system

[ 2015-10-19T09:31:48+08:00 ] ::1 /tp/main_system/Home/View/Index/js/layer.min.js
INFO: [ app_init ] --START--
INFO: Run Behavior\BuildLiteBehavior [ RunTime:0.000000s ]
INFO: [ app_init ] --END-- [ RunTime:0.001000s ]
ERR: 无法加载模块:Main_system

[ 2015-10-19T09:31:48+08:00 ] ::1 /tp/main_system/Home/View/Index/js/my_layer.js
INFO: [ app_init ] --START--
INFO: Run Behavior\BuildLiteBehavior [ RunTime:0.000000s ]
INFO: [ app_init ] --END-- [ RunTime:0.000000s ]
ERR: 无法加载模块:Main_system

[ 2015-10-19T09:31:48+08:00 ] ::1 /tp/image/logo_res.gif
INFO: [ app_init ] --START--
INFO: Run Behavior\BuildLiteBehavior [ RunTime:0.000000s ]
INFO: [ app_init ] --END-- [ RunTime:0.000000s ]
ERR: 无法加载模块:Image

[ 2015-10-19T09:31:48+08:00 ] ::1 /tp/image/home.gif
INFO: [ app_init ] --START--
INFO: Run Behavior\BuildLiteBehavior [ RunTime:0.000000s ]
INFO: [ app_init ] --END-- [ RunTime:0.000000s ]
ERR: 无法加载模块:Image

[ 2015-10-19T09:32:45+08:00 ] ::1 /tp/main_system/Home/View/Index/js/jquery.1.8.2.js
INFO: [ app_init ] --START--
INFO: Run Behavior\BuildLiteBehavior [ RunTime:0.000000s ]
INFO: [ app_init ] --END-- [ RunTime:0.000000s ]
ERR: 无法加载模块:Main_system

[ 2015-10-19T09:32:45+08:00 ] ::1 /tp/main_system/Home/View/Index/js/layer.min.js
INFO: [ app_init ] --START--
INFO: Run Behavior\BuildLiteBehavior [ RunTime:0.000000s ]
INFO: [ app_init ] --END-- [ RunTime:0.001000s ]
ERR: 无法加载模块:Main_system

[ 2015-10-19T09:32:45+08:00 ] ::1 /tp/main_system/Home/View/Index/js/my_layer.js
INFO: [ app_init ] --START--
INFO: Run Behavior\BuildLiteBehavior [ RunTime:0.000000s ]
INFO: [ app_init ] --END-- [ RunTime:0.001000s ]
ERR: 无法加载模块:Main_system

[ 2015-10-19T09:32:51+08:00 ] ::1 /tp/main_system/Home/View/Index/js/layer.min.js
INFO: [ app_init ] --START--
INFO: Run Behavior\BuildLiteBehavior [ RunTime:0.000000s ]
INFO: [ app_init ] --END-- [ RunTime:0.000000s ]
ERR: 无法加载模块:Main_system

[ 2015-10-19T09:32:51+08:00 ] ::1 /tp/main_system/Home/View/Index/js/my_layer.js
INFO: [ app_init ] --START--
INFO: Run Behavior\BuildLiteBehavior [ RunTime:0.000000s ]
INFO: [ app_init ] --END-- [ RunTime:0.001000s ]
ERR: 无法加载模块:Main_system

[ 2015-10-19T09:32:51+08:00 ] ::1 /tp/main_system/Home/View/Index/js/jquery.1.8.2.js
INFO: [ app_init ] --START--
INFO: Run Behavior\BuildLiteBehavior [ RunTime:0.000000s ]
INFO: [ app_init ] --END-- [ RunTime:0.001000s ]
ERR: 无法加载模块:Main_system

[ 2015-10-19T09:32:55+08:00 ] ::1 /tp/main_system/Home/View/Index/js/layer.min.js
INFO: [ app_init ] --START--
INFO: Run Behavior\BuildLiteBehavior [ RunTime:0.000000s ]
INFO: [ app_init ] --END-- [ RunTime:0.000000s ]
ERR: 无法加载模块:Main_system

[ 2015-10-19T09:32:55+08:00 ] ::1 /tp/main_system/Home/View/Index/js/my_layer.js
INFO: [ app_init ] --START--
INFO: Run Behavior\BuildLiteBehavior [ RunTime:0.000000s ]
INFO: [ app_init ] --END-- [ RunTime:0.000000s ]
ERR: 无法加载模块:Main_system

[ 2015-10-19T09:32:56+08:00 ] ::1 /tp/main_system/Home/View/Index/js/jquery.1.8.2.js
INFO: [ app_init ] --START--
INFO: Run Behavior\BuildLiteBehavior [ RunTime:0.000000s ]
INFO: [ app_init ] --END-- [ RunTime:0.000000s ]
ERR: 无法加载模块:Main_system

[ 2015-10-19T09:32:58+08:00 ] ::1 /tp/main_system/Home/View/Index/js/jquery.1.8.2.js
INFO: [ app_init ] --START--
INFO: Run Behavior\BuildLiteBehavior [ RunTime:0.000000s ]
INFO: [ app_init ] --END-- [ RunTime:0.001000s ]
ERR: 无法加载模块:Main_system

[ 2015-10-19T09:32:58+08:00 ] ::1 /tp/main_system/Home/View/Index/js/my_layer.js
INFO: [ app_init ] --START--
INFO: Run Behavior\BuildLiteBehavior [ RunTime:0.000000s ]
INFO: [ app_init ] --END-- [ RunTime:0.001001s ]
ERR: 无法加载模块:Main_system

[ 2015-10-19T09:32:58+08:00 ] ::1 /tp/main_system/Home/View/Index/js/layer.min.js
INFO: [ app_init ] --START--
INFO: Run Behavior\BuildLiteBehavior [ RunTime:0.000000s ]
INFO: [ app_init ] --END-- [ RunTime:0.000000s ]
ERR: 无法加载模块:Main_system

[ 2015-10-19T09:33:02+08:00 ] ::1 /tp/main_system/Home/View/Index/js/jquery.1.8.2.js
INFO: [ app_init ] --START--
INFO: Run Behavior\BuildLiteBehavior [ RunTime:0.000000s ]
INFO: [ app_init ] --END-- [ RunTime:0.000000s ]
ERR: 无法加载模块:Main_system

[ 2015-10-19T09:33:02+08:00 ] ::1 /tp/main_system/Home/View/Index/js/layer.min.js
INFO: [ app_init ] --START--
INFO: Run Behavior\BuildLiteBehavior [ RunTime:0.000000s ]
INFO: [ app_init ] --END-- [ RunTime:0.001000s ]
ERR: 无法加载模块:Main_system

[ 2015-10-19T09:33:02+08:00 ] ::1 /tp/main_system/Home/View/Index/js/my_layer.js
INFO: [ app_init ] --START--
INFO: Run Behavior\BuildLiteBehavior [ RunTime:0.000000s ]
INFO: [ app_init ] --END-- [ RunTime:0.000000s ]
ERR: 无法加载模块:Main_system

[ 2015-10-19T10:11:18+08:00 ] ::1 /tp/main_system/Home/View/Index/js/layer.min.js
INFO: [ app_init ] --START--
INFO: Run Behavior\BuildLiteBehavior [ RunTime:0.000000s ]
INFO: [ app_init ] --END-- [ RunTime:0.000000s ]
ERR: 无法加载模块:Main_system

[ 2015-10-19T10:11:18+08:00 ] ::1 /tp/main_system/Home/View/Index/js/my_layer.js
INFO: [ app_init ] --START--
INFO: Run Behavior\BuildLiteBehavior [ RunTime:0.000000s ]
INFO: [ app_init ] --END-- [ RunTime:0.000000s ]
ERR: 无法加载模块:Main_system

[ 2015-10-19T10:11:18+08:00 ] ::1 /tp/main_system/Home/View/Index/js/jquery.1.8.2.js
INFO: [ app_init ] --START--
INFO: Run Behavior\BuildLiteBehavior [ RunTime:0.000000s ]
INFO: [ app_init ] --END-- [ RunTime:0.001000s ]
ERR: 无法加载模块:Main_system

[ 2015-10-19T10:11:20+08:00 ] ::1 /tp/main_system/Home/View/Index/js/layer.min.js
INFO: [ app_init ] --START--
INFO: Run Behavior\BuildLiteBehavior [ RunTime:0.000000s ]
INFO: [ app_init ] --END-- [ RunTime:0.001000s ]
ERR: 无法加载模块:Main_system

[ 2015-10-19T10:11:20+08:00 ] ::1 /tp/main_system/Home/View/Index/js/my_layer.js
INFO: [ app_init ] --START--
INFO: Run Behavior\BuildLiteBehavior [ RunTime:0.000000s ]
INFO: [ app_init ] --END-- [ RunTime:0.000000s ]
ERR: 无法加载模块:Main_system

[ 2015-10-19T10:11:20+08:00 ] ::1 /tp/main_system/Home/View/Index/js/jquery.1.8.2.js
INFO: [ app_init ] --START--
INFO: Run Behavior\BuildLiteBehavior [ RunTime:0.000000s ]
INFO: [ app_init ] --END-- [ RunTime:0.000000s ]
ERR: 无法加载模块:Main_system

[ 2015-10-19T10:12:48+08:00 ] ::1 /tp/main_system/Home/View/Index/js/jquery.1.8.2.js
INFO: [ app_init ] --START--
INFO: Run Behavior\BuildLiteBehavior [ RunTime:0.000000s ]
INFO: [ app_init ] --END-- [ RunTime:0.001000s ]
ERR: 无法加载模块:Main_system

[ 2015-10-19T10:12:48+08:00 ] ::1 /tp/main_system/Home/View/Index/js/layer.min.js
INFO: [ app_init ] --START--
INFO: Run Behavior\BuildLiteBehavior [ RunTime:0.000000s ]
INFO: [ app_init ] --END-- [ RunTime:0.000000s ]
ERR: 无法加载模块:Main_system

[ 2015-10-19T10:12:48+08:00 ] ::1 /tp/main_system/Home/View/Index/js/my_layer.js
INFO: [ app_init ] --START--
INFO: Run Behavior\BuildLiteBehavior [ RunTime:0.000000s ]
INFO: [ app_init ] --END-- [ RunTime:0.000000s ]
ERR: 无法加载模块:Main_system

[ 2015-10-19T10:12:56+08:00 ] ::1 /tp/main_system/Home/View/Index/js/jquery.1.8.2.js
INFO: [ app_init ] --START--
INFO: Run Behavior\BuildLiteBehavior [ RunTime:0.000000s ]
INFO: [ app_init ] --END-- [ RunTime:0.000000s ]
ERR: 无法加载模块:Main_system

[ 2015-10-19T10:12:56+08:00 ] ::1 /tp/main_system/Home/View/Index/js/layer.min.js
INFO: [ app_init ] --START--
INFO: Run Behavior\BuildLiteBehavior [ RunTime:0.000000s ]
INFO: [ app_init ] --END-- [ RunTime:0.000000s ]
ERR: 无法加载模块:Main_system

[ 2015-10-19T10:12:56+08:00 ] ::1 /tp/main_system/Home/View/Index/js/my_layer.js
INFO: [ app_init ] --START--
INFO: Run Behavior\BuildLiteBehavior [ RunTime:0.000000s ]
INFO: [ app_init ] --END-- [ RunTime:0.001000s ]
ERR: 无法加载模块:Main_system

[ 2015-10-19T10:14:12+08:00 ] ::1 /tp/main_system/Home/View/Index/js/jquery.1.8.2.js
INFO: [ app_init ] --START--
INFO: Run Behavior\BuildLiteBehavior [ RunTime:0.000000s ]
INFO: [ app_init ] --END-- [ RunTime:0.000000s ]
ERR: 无法加载模块:Main_system

[ 2015-10-19T10:14:12+08:00 ] ::1 /tp/main_system/Home/View/Index/js/layer.min.js
INFO: [ app_init ] --START--
INFO: Run Behavior\BuildLiteBehavior [ RunTime:0.000000s ]
INFO: [ app_init ] --END-- [ RunTime:0.001001s ]
ERR: 无法加载模块:Main_system

[ 2015-10-19T10:14:12+08:00 ] ::1 /tp/image/logo_res.gif
INFO: [ app_init ] --START--
INFO: Run Behavior\BuildLiteBehavior [ RunTime:0.000000s ]
INFO: [ app_init ] --END-- [ RunTime:0.001000s ]
ERR: 无法加载模块:Image

[ 2015-10-19T10:14:12+08:00 ] ::1 /tp/main_system/Home/View/Index/js/my_layer.js
INFO: [ app_init ] --START--
INFO: Run Behavior\BuildLiteBehavior [ RunTime:0.000000s ]
INFO: [ app_init ] --END-- [ RunTime:0.000000s ]
ERR: 无法加载模块:Main_system

[ 2015-10-19T10:14:12+08:00 ] ::1 /tp/image/home.gif
INFO: [ app_init ] --START--
INFO: Run Behavior\BuildLiteBehavior [ RunTime:0.000000s ]
INFO: [ app_init ] --END-- [ RunTime:0.001000s ]
ERR: 无法加载模块:Image

[ 2015-10-19T10:14:12+08:00 ] ::1 /tp/image/logo_res.gif
INFO: [ app_init ] --START--
INFO: Run Behavior\BuildLiteBehavior [ RunTime:0.000000s ]
INFO: [ app_init ] --END-- [ RunTime:0.000000s ]
ERR: 无法加载模块:Image

[ 2015-10-19T10:14:18+08:00 ] ::1 /tp/main_system/Home/View/Index/js/jquery.1.8.2.js
INFO: [ app_init ] --START--
INFO: Run Behavior\BuildLiteBehavior [ RunTime:0.000000s ]
INFO: [ app_init ] --END-- [ RunTime:0.001000s ]
ERR: 无法加载模块:Main_system

[ 2015-10-19T10:14:18+08:00 ] ::1 /tp/main_system/Home/View/Index/js/layer.min.js
INFO: [ app_init ] --START--
INFO: Run Behavior\BuildLiteBehavior [ RunTime:0.000000s ]
INFO: [ app_init ] --END-- [ RunTime:0.001000s ]
ERR: 无法加载模块:Main_system

[ 2015-10-19T10:14:18+08:00 ] ::1 /tp/main_system/Home/View/Index/js/my_layer.js
INFO: [ app_init ] --START--
INFO: Run Behavior\BuildLiteBehavior [ RunTime:0.000000s ]
INFO: [ app_init ] --END-- [ RunTime:0.000000s ]
ERR: 无法加载模块:Main_system

[ 2015-10-19T10:14:29+08:00 ] ::1 /tp/main_system/Home/View/Index/js/jquery.1.8.2.js
INFO: [ app_init ] --START--
INFO: Run Behavior\BuildLiteBehavior [ RunTime:0.000000s ]
INFO: [ app_init ] --END-- [ RunTime:0.001000s ]
ERR: 无法加载模块:Main_system

[ 2015-10-19T10:14:30+08:00 ] ::1 /tp/main_system/Home/View/Index/js/layer.min.js
INFO: [ app_init ] --START--
INFO: Run Behavior\BuildLiteBehavior [ RunTime:0.000000s ]
INFO: [ app_init ] --END-- [ RunTime:0.000000s ]
ERR: 无法加载模块:Main_system

[ 2015-10-19T10:14:30+08:00 ] ::1 /tp/main_system/Home/View/Index/js/my_layer.js
INFO: [ app_init ] --START--
INFO: Run Behavior\BuildLiteBehavior [ RunTime:0.000000s ]
INFO: [ app_init ] --END-- [ RunTime:0.001000s ]
ERR: 无法加载模块:Main_system

[ 2015-10-19T10:15:15+08:00 ] ::1 /tp/main_system/Home/View/Index/js/jquery.1.8.2.js
INFO: [ app_init ] --START--
INFO: Run Behavior\BuildLiteBehavior [ RunTime:0.000000s ]
INFO: [ app_init ] --END-- [ RunTime:0.000000s ]
ERR: 无法加载模块:Main_system

[ 2015-10-19T10:15:15+08:00 ] ::1 /tp/main_system/Home/View/Index/js/my_layer.js
INFO: [ app_init ] --START--
INFO: Run Behavior\BuildLiteBehavior [ RunTime:0.000000s ]
INFO: [ app_init ] --END-- [ RunTime:0.001000s ]
ERR: 无法加载模块:Main_system

[ 2015-10-19T10:15:15+08:00 ] ::1 /tp/main_system/Home/View/Index/js/layer.min.js
INFO: [ app_init ] --START--
INFO: Run Behavior\BuildLiteBehavior [ RunTime:0.000000s ]
INFO: [ app_init ] --END-- [ RunTime:0.002000s ]
ERR: 无法加载模块:Main_system

[ 2015-10-19T10:16:04+08:00 ] ::1 /tp/main_system/Home/View/Index/js/jquery.1.8.2.js
INFO: [ app_init ] --START--
INFO: Run Behavior\BuildLiteBehavior [ RunTime:0.000000s ]
INFO: [ app_init ] --END-- [ RunTime:0.000000s ]
ERR: 无法加载模块:Main_system

[ 2015-10-19T10:16:04+08:00 ] ::1 /tp/main_system/Home/View/Index/js/layer.min.js
INFO: [ app_init ] --START--
INFO: Run Behavior\BuildLiteBehavior [ RunTime:0.000000s ]
INFO: [ app_init ] --END-- [ RunTime:0.001000s ]
ERR: 无法加载模块:Main_system

[ 2015-10-19T10:16:04+08:00 ] ::1 /tp/main_system/Home/View/Index/js/my_layer.js
INFO: [ app_init ] --START--
INFO: Run Behavior\BuildLiteBehavior [ RunTime:0.000000s ]
INFO: [ app_init ] --END-- [ RunTime:0.000000s ]
ERR: 无法加载模块:Main_system

[ 2015-10-19T10:17:28+08:00 ] ::1 /tp/main_system/Home/View/Index/js/layer.min.js
INFO: [ app_init ] --START--
INFO: Run Behavior\BuildLiteBehavior [ RunTime:0.000000s ]
INFO: [ app_init ] --END-- [ RunTime:0.001000s ]
ERR: 无法加载模块:Main_system

[ 2015-10-19T10:17:28+08:00 ] ::1 /tp/main_system/Home/View/Index/js/jquery.1.8.2.js
INFO: [ app_init ] --START--
INFO: Run Behavior\BuildLiteBehavior [ RunTime:0.000000s ]
INFO: [ app_init ] --END-- [ RunTime:0.000000s ]
ERR: 无法加载模块:Main_system

[ 2015-10-19T10:17:28+08:00 ] ::1 /tp/main_system/Home/View/Index/js/my_layer.js
INFO: [ app_init ] --START--
INFO: Run Behavior\BuildLiteBehavior [ RunTime:0.000000s ]
INFO: [ app_init ] --END-- [ RunTime:0.000000s ]
ERR: 无法加载模块:Main_system

[ 2015-10-19T11:23:32+08:00 ] ::1 /tp/main_system/Home/View/Index/js/layer.min.js
INFO: [ app_init ] --START--
INFO: Run Behavior\BuildLiteBehavior [ RunTime:0.000000s ]
INFO: [ app_init ] --END-- [ RunTime:0.001000s ]
ERR: 无法加载模块:Main_system

[ 2015-10-19T11:23:32+08:00 ] ::1 /tp/main_system/Home/View/Index/js/my_layer.js
INFO: [ app_init ] --START--
INFO: Run Behavior\BuildLiteBehavior [ RunTime:0.000000s ]
INFO: [ app_init ] --END-- [ RunTime:0.000000s ]
ERR: 无法加载模块:Main_system

[ 2015-10-19T11:23:32+08:00 ] ::1 /tp/main_system/Home/View/Index/js/jquery.1.8.2.js
INFO: [ app_init ] --START--
INFO: Run Behavior\BuildLiteBehavior [ RunTime:0.000000s ]
INFO: [ app_init ] --END-- [ RunTime:0.000000s ]
ERR: 无法加载模块:Main_system

[ 2015-10-19T11:24:52+08:00 ] ::1 /tp/main_system/Home/View/Index/js/jquery.1.8.2.js
INFO: [ app_init ] --START--
INFO: Run Behavior\BuildLiteBehavior [ RunTime:0.000000s ]
INFO: [ app_init ] --END-- [ RunTime:0.000000s ]
ERR: 无法加载模块:Main_system

[ 2015-10-19T11:35:39+08:00 ] ::1 /tp/main_system/Home/View/Index/js/jquery.1.8.2.js
INFO: [ app_init ] --START--
INFO: Run Behavior\BuildLiteBehavior [ RunTime:0.000000s ]
INFO: [ app_init ] --END-- [ RunTime:0.000000s ]
ERR: 无法加载模块:Main_system

[ 2015-10-19T11:35:39+08:00 ] ::1 /tp/image/logo_res.gif
INFO: [ app_init ] --START--
INFO: Run Behavior\BuildLiteBehavior [ RunTime:0.000000s ]
INFO: [ app_init ] --END-- [ RunTime:0.000000s ]
ERR: 无法加载模块:Image

[ 2015-10-19T11:35:39+08:00 ] ::1 /tp/main_system/Home/View/Index/js/my_layer.js
INFO: [ app_init ] --START--
INFO: Run Behavior\BuildLiteBehavior [ RunTime:0.000000s ]
INFO: [ app_init ] --END-- [ RunTime:0.000000s ]
ERR: 无法加载模块:Main_system

[ 2015-10-19T11:35:39+08:00 ] ::1 /tp/main_system/Home/View/Index/js/layer.min.js
INFO: [ app_init ] --START--
INFO: Run Behavior\BuildLiteBehavior [ RunTime:0.000000s ]
INFO: [ app_init ] --END-- [ RunTime:0.000000s ]
ERR: 无法加载模块:Main_system

[ 2015-10-19T11:35:39+08:00 ] ::1 /tp/image/home.gif
INFO: [ app_init ] --START--
INFO: Run Behavior\BuildLiteBehavior [ RunTime:0.000000s ]
INFO: [ app_init ] --END-- [ RunTime:0.008000s ]
ERR: 无法加载模块:Image

[ 2015-10-19T11:35:39+08:00 ] ::1 /tp/image/logo_res.gif
INFO: [ app_init ] --START--
INFO: Run Behavior\BuildLiteBehavior [ RunTime:0.000000s ]
INFO: [ app_init ] --END-- [ RunTime:0.000000s ]
ERR: 无法加载模块:Image

[ 2015-10-19T11:37:20+08:00 ] ::1 /tp/main_system/Home/View/Index/js/jquery.1.8.2.js
INFO: [ app_init ] --START--
INFO: Run Behavior\BuildLiteBehavior [ RunTime:0.000000s ]
INFO: [ app_init ] --END-- [ RunTime:0.000000s ]
ERR: 无法加载模块:Main_system

[ 2015-10-19T11:37:20+08:00 ] ::1 /tp/main_system/Home/View/Index/js/layer.min.js
INFO: [ app_init ] --START--
INFO: Run Behavior\BuildLiteBehavior [ RunTime:0.000000s ]
INFO: [ app_init ] --END-- [ RunTime:0.001000s ]
ERR: 无法加载模块:Main_system

[ 2015-10-19T11:37:20+08:00 ] ::1 /tp/main_system/Home/View/Index/js/my_layer.js
INFO: [ app_init ] --START--
INFO: Run Behavior\BuildLiteBehavior [ RunTime:0.000000s ]
INFO: [ app_init ] --END-- [ RunTime:0.000000s ]
ERR: 无法加载模块:Main_system

[ 2015-10-19T11:37:20+08:00 ] ::1 /tp/image/logo_res.gif
INFO: [ app_init ] --START--
INFO: Run Behavior\BuildLiteBehavior [ RunTime:0.000000s ]
INFO: [ app_init ] --END-- [ RunTime:0.003000s ]
ERR: 无法加载模块:Image

[ 2015-10-19T11:37:20+08:00 ] ::1 /tp/image/home.gif
INFO: [ app_init ] --START--
INFO: Run Behavior\BuildLiteBehavior [ RunTime:0.000000s ]
INFO: [ app_init ] --END-- [ RunTime:0.000000s ]
ERR: 无法加载模块:Image

[ 2015-10-19T11:37:24+08:00 ] ::1 /tp/main_system/Home/View/Index/js/layer.min.js
INFO: [ app_init ] --START--
INFO: Run Behavior\BuildLiteBehavior [ RunTime:0.000000s ]
INFO: [ app_init ] --END-- [ RunTime:0.002000s ]
ERR: 无法加载模块:Main_system

[ 2015-10-19T11:37:24+08:00 ] ::1 /tp/main_system/Home/View/Index/js/jquery.1.8.2.js
INFO: [ app_init ] --START--
INFO: Run Behavior\BuildLiteBehavior [ RunTime:0.000000s ]
INFO: [ app_init ] --END-- [ RunTime:0.001000s ]
ERR: 无法加载模块:Main_system

[ 2015-10-19T11:37:24+08:00 ] ::1 /tp/main_system/Home/View/Index/js/my_layer.js
INFO: [ app_init ] --START--
INFO: Run Behavior\BuildLiteBehavior [ RunTime:0.000000s ]
INFO: [ app_init ] --END-- [ RunTime:0.000000s ]
ERR: 无法加载模块:Main_system

[ 2015-10-19T11:41:17+08:00 ] ::1 /tp/main_system/Home/View/Index/js/jquery.1.8.2.js
INFO: [ app_init ] --START--
INFO: Run Behavior\BuildLiteBehavior [ RunTime:0.000000s ]
INFO: [ app_init ] --END-- [ RunTime:0.001000s ]
ERR: 无法加载模块:Main_system

[ 2015-10-19T11:41:17+08:00 ] ::1 /tp/main_system/Home/View/Index/js/layer.min.js
INFO: [ app_init ] --START--
INFO: Run Behavior\BuildLiteBehavior [ RunTime:0.000000s ]
INFO: [ app_init ] --END-- [ RunTime:0.000000s ]
ERR: 无法加载模块:Main_system

[ 2015-10-19T11:41:17+08:00 ] ::1 /tp/main_system/Home/View/Index/js/my_layer.js
INFO: [ app_init ] --START--
INFO: Run Behavior\BuildLiteBehavior [ RunTime:0.000000s ]
INFO: [ app_init ] --END-- [ RunTime:0.001000s ]
ERR: 无法加载模块:Main_system

[ 2015-10-19T11:41:17+08:00 ] ::1 /tp/image/logo_res.gif
INFO: [ app_init ] --START--
INFO: Run Behavior\BuildLiteBehavior [ RunTime:0.000000s ]
INFO: [ app_init ] --END-- [ RunTime:0.000000s ]
ERR: 无法加载模块:Image

[ 2015-10-19T11:41:17+08:00 ] ::1 /tp/image/home.gif
INFO: [ app_init ] --START--
INFO: Run Behavior\BuildLiteBehavior [ RunTime:0.000000s ]
INFO: [ app_init ] --END-- [ RunTime:0.001000s ]
ERR: 无法加载模块:Image

[ 2015-10-19T11:44:44+08:00 ] ::1 /tp/main_system/Home/View/Index/js/layer.min.js
INFO: [ app_init ] --START--
INFO: Run Behavior\BuildLiteBehavior [ RunTime:0.000000s ]
INFO: [ app_init ] --END-- [ RunTime:0.000000s ]
ERR: 无法加载模块:Main_system

[ 2015-10-19T11:44:44+08:00 ] ::1 /tp/main_system/Home/View/Index/js/my_layer.js
INFO: [ app_init ] --START--
INFO: Run Behavior\BuildLiteBehavior [ RunTime:0.000000s ]
INFO: [ app_init ] --END-- [ RunTime:0.000000s ]
ERR: 无法加载模块:Main_system

[ 2015-10-19T11:44:44+08:00 ] ::1 /tp/image/logo_res.gif
INFO: [ app_init ] --START--
INFO: Run Behavior\BuildLiteBehavior [ RunTime:0.000000s ]
INFO: [ app_init ] --END-- [ RunTime:0.001000s ]
ERR: 无法加载模块:Image

[ 2015-10-19T11:44:44+08:00 ] ::1 /tp/main_system/Home/View/Index/js/jquery.1.8.2.js
INFO: [ app_init ] --START--
INFO: Run Behavior\BuildLiteBehavior [ RunTime:0.000000s ]
INFO: [ app_init ] --END-- [ RunTime:0.001000s ]
ERR: 无法加载模块:Main_system

[ 2015-10-19T11:44:44+08:00 ] ::1 /tp/image/home.gif
INFO: [ app_init ] --START--
INFO: Run Behavior\BuildLiteBehavior [ RunTime:0.000000s ]
INFO: [ app_init ] --END-- [ RunTime:0.001000s ]
ERR: 无法加载模块:Image

[ 2015-10-19T11:44:44+08:00 ] ::1 /tp/image/logo_res.gif
INFO: [ app_init ] --START--
INFO: Run Behavior\BuildLiteBehavior [ RunTime:0.000000s ]
INFO: [ app_init ] --END-- [ RunTime:0.001000s ]
ERR: 无法加载模块:Image

[ 2015-10-19T11:52:12+08:00 ] ::1 /tp/main_system/Home/View/Index/js/jquery.1.8.2.js
INFO: [ app_init ] --START--
INFO: Run Behavior\BuildLiteBehavior [ RunTime:0.000000s ]
INFO: [ app_init ] --END-- [ RunTime:0.000000s ]
ERR: 无法加载模块:Main_system

[ 2015-10-19T11:52:12+08:00 ] ::1 /tp/main_system/Home/View/Index/js/layer.min.js
INFO: [ app_init ] --START--
INFO: Run Behavior\BuildLiteBehavior [ RunTime:0.000000s ]
INFO: [ app_init ] --END-- [ RunTime:0.001000s ]
ERR: 无法加载模块:Main_system

[ 2015-10-19T11:52:12+08:00 ] ::1 /tp/main_system/Home/View/Index/js/my_layer.js
INFO: [ app_init ] --START--
INFO: Run Behavior\BuildLiteBehavior [ RunTime:0.000000s ]
INFO: [ app_init ] --END-- [ RunTime:0.000000s ]
ERR: 无法加载模块:Main_system

[ 2015-10-19T12:04:46+08:00 ] ::1 /tp/main_system/Home/View/Index/js/jquery.1.8.2.js
INFO: [ app_init ] --START--
INFO: Run Behavior\BuildLiteBehavior [ RunTime:0.000000s ]
INFO: [ app_init ] --END-- [ RunTime:0.000000s ]
ERR: 无法加载模块:Main_system

[ 2015-10-19T12:04:46+08:00 ] ::1 /tp/main_system/Home/View/Index/js/layer.min.js
INFO: [ app_init ] --START--
INFO: Run Behavior\BuildLiteBehavior [ RunTime:0.000000s ]
INFO: [ app_init ] --END-- [ RunTime:0.001001s ]
ERR: 无法加载模块:Main_system

[ 2015-10-19T12:04:46+08:00 ] ::1 /tp/main_system/Home/View/Index/js/my_layer.js
INFO: [ app_init ] --START--
INFO: Run Behavior\BuildLiteBehavior [ RunTime:0.000000s ]
INFO: [ app_init ] --END-- [ RunTime:0.001000s ]
ERR: 无法加载模块:Main_system

